e:\학업\7mon_personal\7mon_personal_project\client\default\x64\release\client.pch
e:\학업\7mon_personal\7mon_personal_project\client\default\x64\release\vc140.pdb
e:\학업\7mon_personal\7mon_personal_project\client\default\x64\release\stdafx.obj
e:\학업\7mon_personal\7mon_personal_project\client\default\x64\release\client.obj
e:\학업\7mon_personal\7mon_personal_project\client\default\x64\release\testscene.obj
e:\학업\7mon_personal\7mon_personal_project\client\default\x64\release\maingame.obj
e:\학업\7mon_personal\7mon_personal_project\client\bin\client.lib
e:\학업\7mon_personal\7mon_personal_project\client\bin\client.exp
e:\학업\7mon_personal\7mon_personal_project\client\bin\x64\release\client.exe
e:\학업\7mon_personal\7mon_personal_project\client\bin\x64\release\client.pdb
e:\학업\7mon_personal\7mon_personal_project\client\default\x64\release\client.res
e:\학업\7mon_personal\7mon_personal_project\client\default\../bin/x64\release\client.exe
e:\학업\7mon_personal\7mon_personal_project\client\default\x64\release\client.tlog\cl.command.1.tlog
e:\학업\7mon_personal\7mon_personal_project\client\default\x64\release\client.tlog\cl.read.1.tlog
e:\학업\7mon_personal\7mon_personal_project\client\default\x64\release\client.tlog\cl.write.1.tlog
e:\학업\7mon_personal\7mon_personal_project\client\default\x64\release\client.tlog\client.write.1u.tlog
e:\학업\7mon_personal\7mon_personal_project\client\default\x64\release\client.tlog\link.command.1.tlog
e:\학업\7mon_personal\7mon_personal_project\client\default\x64\release\client.tlog\link.read.1.tlog
e:\학업\7mon_personal\7mon_personal_project\client\default\x64\release\client.tlog\link.write.1.tlog
e:\학업\7mon_personal\7mon_personal_project\client\default\x64\release\client.tlog\rc.command.1.tlog
e:\학업\7mon_personal\7mon_personal_project\client\default\x64\release\client.tlog\rc.read.1.tlog
e:\학업\7mon_personal\7mon_personal_project\client\default\x64\release\client.tlog\rc.write.1.tlog
