e:\학업\7mon_personal\7mon_personal_project\engine\default\x64\release\vc140.pdb
e:\학업\7mon_personal\7mon_personal_project\engine\default\x64\release\vibuffer_renderer.obj
e:\학업\7mon_personal\7mon_personal_project\engine\default\x64\release\vibuffer.obj
e:\학업\7mon_personal\7mon_personal_project\engine\default\x64\release\triangle_vibuffer_color.obj
e:\학업\7mon_personal\7mon_personal_project\engine\default\x64\release\transform.obj
e:\학업\7mon_personal\7mon_personal_project\engine\default\x64\release\timemanager.obj
e:\학업\7mon_personal\7mon_personal_project\engine\default\x64\release\state.obj
e:\학업\7mon_personal\7mon_personal_project\engine\default\x64\release\scenemanager.obj
e:\학업\7mon_personal\7mon_personal_project\engine\default\x64\release\scene.obj
e:\학업\7mon_personal\7mon_personal_project\engine\default\x64\release\rendermanager.obj
e:\학업\7mon_personal\7mon_personal_project\engine\default\x64\release\renderer.obj
e:\학업\7mon_personal\7mon_personal_project\engine\default\x64\release\rect_vibuffer_color.obj
e:\학업\7mon_personal\7mon_personal_project\engine\default\x64\release\inputmanager.obj
e:\학업\7mon_personal\7mon_personal_project\engine\default\x64\release\gameobjectmanager.obj
e:\학업\7mon_personal\7mon_personal_project\engine\default\x64\release\gameobject.obj
e:\학업\7mon_personal\7mon_personal_project\engine\default\x64\release\engine_mother.obj
e:\학업\7mon_personal\7mon_personal_project\engine\default\x64\release\devicemanager.obj
e:\학업\7mon_personal\7mon_personal_project\engine\default\x64\release\debugmanager.obj
e:\학업\7mon_personal\7mon_personal_project\engine\default\x64\release\cycle.obj
e:\학업\7mon_personal\7mon_personal_project\engine\default\x64\release\component.obj
e:\학업\7mon_personal\7mon_personal_project\engine\bin\engine.lib
e:\학업\7mon_personal\7mon_personal_project\engine\bin\engine.exp
e:\학업\7mon_personal\7mon_personal_project\engine\bin\engine.dll
e:\학업\7mon_personal\7mon_personal_project\engine\bin\engine.ipdb
e:\학업\7mon_personal\7mon_personal_project\engine\bin\engine.iobj
e:\학업\7mon_personal\7mon_personal_project\engine\bin\engine.pdb
e:\학업\7mon_personal\7mon_personal_project\engine\default\../bin/engine.dll
e:\학업\7mon_personal\7mon_personal_project\engine\default\x64\release\engine.tlog\cl.command.1.tlog
e:\학업\7mon_personal\7mon_personal_project\engine\default\x64\release\engine.tlog\cl.read.1.tlog
e:\학업\7mon_personal\7mon_personal_project\engine\default\x64\release\engine.tlog\cl.write.1.tlog
e:\학업\7mon_personal\7mon_personal_project\engine\default\x64\release\engine.tlog\engine.write.1u.tlog
e:\학업\7mon_personal\7mon_personal_project\engine\default\x64\release\engine.tlog\link.command.1.tlog
e:\학업\7mon_personal\7mon_personal_project\engine\default\x64\release\engine.tlog\link.read.1.tlog
e:\학업\7mon_personal\7mon_personal_project\engine\default\x64\release\engine.tlog\link.write.1.tlog
