  stdafx.cpp
  c:\program files (x86)\microsoft directx sdk (june 2010)\include\dinput.h: DIRECTINPUT_VERSION undefined. Defaulting to version 0x0800
e:\학업\7mon_personal\7mon_personal_project\client\header\define.h(17): warning C4005: 'fTime': 매크로 재정의
  e:\학업\7mon_personal\7mon_personal_project\reference\header\engine_define.h(14): note: 'fTime'의 이전 정의를 참조하십시오.
  Client.cpp
  Zed_Walk.cpp
  Zed_Status.cpp
  Zed_Run.cpp
  Zed_Idle.cpp
  Zed_Hit.cpp
  Zed_Death.cpp
  Zed_Att.cpp
  ZedManager.cpp
  ZedChanger.cpp
e:\학업\7mon_personal\7mon_personal_project\client\header\zedchanger.h(18): warning C4244: '초기화 중': 'double'에서 'int'(으)로 변환하면서 데이터가 손실될 수 있습니다.
  Zed.cpp
  Weapon_Status.cpp
  WeaponManager.cpp
  Weapon.cpp
  TestScene.cpp
  Stage_Shop.cpp
  Stage_Boss.cpp
  Stage_2.cpp
  Stage_1.cpp
  StageScene.cpp
  코드를 생성하고 있습니다...
  컴파일하고 있습니다...
  StageManager.cpp
  SkyBox.cpp
  ShakeObject.cpp
  Player_Swap.cpp
  Player_Status.cpp
  Player_Reload.cpp
  Player_Move.cpp
  Player_Idle.cpp
  Player_Fire.cpp
  Player_Attack.cpp
  MenuSelector.cpp
  MainMenuScene.cpp
e:\학업\7mon_personal\7mon_personal_project\client\header\zedchanger.h(18): warning C4244: '초기화 중': 'double'에서 'int'(으)로 변환하면서 데이터가 손실될 수 있습니다.
  MainGame.cpp
  IntroSkipper.cpp
  IntroScene.cpp
  HudManager.cpp
  FilmGrainEffect.cpp
  Camera_FPS.cpp
  Bullet_Move.cpp
  BulletManager.cpp
  코드를 생성하고 있습니다...
  Client.vcxproj -> E:\학업\7mon_personal\7Mon_Personal_Project\Client\Default\../Bin/x64\Debug\Client.exe
  Client.vcxproj -> ../Bin/x64\Debug\Client.pdb (Full PDB)
