c:\users\weidi\desktop\공부\쥬신\05)프로젝트\08)7mon_personal_killingfloor\7mon_personal_project\client\default\x64\debug\client.pch
c:\users\weidi\desktop\공부\쥬신\05)프로젝트\08)7mon_personal_killingfloor\7mon_personal_project\client\default\x64\debug\vc140.pdb
c:\users\weidi\desktop\공부\쥬신\05)프로젝트\08)7mon_personal_killingfloor\7mon_personal_project\client\default\x64\debug\vc140.idb
c:\users\weidi\desktop\공부\쥬신\05)프로젝트\08)7mon_personal_killingfloor\7mon_personal_project\client\default\x64\debug\stdafx.obj
c:\users\weidi\desktop\공부\쥬신\05)프로젝트\08)7mon_personal_killingfloor\7mon_personal_project\client\default\x64\debug\maingame.obj
c:\users\weidi\desktop\공부\쥬신\05)프로젝트\08)7mon_personal_killingfloor\7mon_personal_project\client\default\x64\debug\player_move.obj
c:\users\weidi\desktop\공부\쥬신\05)프로젝트\08)7mon_personal_killingfloor\7mon_personal_project\client\default\x64\debug\testscene.obj
c:\users\weidi\desktop\공부\쥬신\05)프로젝트\08)7mon_personal_killingfloor\7mon_personal_project\client\default\x64\debug\client.obj
c:\users\weidi\desktop\공부\쥬신\05)프로젝트\08)7mon_personal_killingfloor\7mon_personal_project\client\bin\x64\debug\client.ilk
c:\users\weidi\desktop\공부\쥬신\05)프로젝트\08)7mon_personal_killingfloor\7mon_personal_project\client\bin\x64\debug\client.exe
c:\users\weidi\desktop\공부\쥬신\05)프로젝트\08)7mon_personal_killingfloor\7mon_personal_project\client\bin\x64\debug\client.pdb
c:\users\weidi\desktop\공부\쥬신\05)프로젝트\08)7mon_personal_killingfloor\7mon_personal_project\client\default\x64\debug\client.res
c:\users\weidi\desktop\공부\쥬신\05)프로젝트\08)7mon_personal_killingfloor\7mon_personal_project\client\default\../bin/x64\debug\client.exe
c:\users\weidi\desktop\공부\쥬신\05)프로젝트\08)7mon_personal_killingfloor\7mon_personal_project\client\default\x64\debug\client.tlog\cl.command.1.tlog
c:\users\weidi\desktop\공부\쥬신\05)프로젝트\08)7mon_personal_killingfloor\7mon_personal_project\client\default\x64\debug\client.tlog\cl.read.1.tlog
c:\users\weidi\desktop\공부\쥬신\05)프로젝트\08)7mon_personal_killingfloor\7mon_personal_project\client\default\x64\debug\client.tlog\cl.write.1.tlog
c:\users\weidi\desktop\공부\쥬신\05)프로젝트\08)7mon_personal_killingfloor\7mon_personal_project\client\default\x64\debug\client.tlog\link.command.1.tlog
c:\users\weidi\desktop\공부\쥬신\05)프로젝트\08)7mon_personal_killingfloor\7mon_personal_project\client\default\x64\debug\client.tlog\link.read.1.tlog
c:\users\weidi\desktop\공부\쥬신\05)프로젝트\08)7mon_personal_killingfloor\7mon_personal_project\client\default\x64\debug\client.tlog\link.write.1.tlog
c:\users\weidi\desktop\공부\쥬신\05)프로젝트\08)7mon_personal_killingfloor\7mon_personal_project\client\default\x64\debug\client.tlog\rc.command.1.tlog
c:\users\weidi\desktop\공부\쥬신\05)프로젝트\08)7mon_personal_killingfloor\7mon_personal_project\client\default\x64\debug\client.tlog\rc.read.1.tlog
c:\users\weidi\desktop\공부\쥬신\05)프로젝트\08)7mon_personal_killingfloor\7mon_personal_project\client\default\x64\debug\client.tlog\rc.write.1.tlog
