c:\users\administrator\desktop\johnson3d_210322월1450_백버퍼띄움\engine\default\x64\debug\vc140.pdb
c:\users\administrator\desktop\johnson3d_210322월1450_백버퍼띄움\engine\default\x64\debug\vc140.idb
c:\users\administrator\desktop\johnson3d_210322월1450_백버퍼띄움\engine\default\x64\debug\base.obj
c:\users\administrator\desktop\johnson3d_210322월1450_백버퍼띄움\engine\default\x64\debug\component.obj
c:\users\administrator\desktop\johnson3d_210322월1450_백버퍼띄움\engine\default\x64\debug\cycle.obj
c:\users\administrator\desktop\johnson3d_210322월1450_백버퍼띄움\engine\default\x64\debug\devicemanager.obj
c:\users\administrator\desktop\johnson3d_210322월1450_백버퍼띄움\engine\default\x64\debug\gameobject.obj
c:\users\administrator\desktop\johnson3d_210322월1450_백버퍼띄움\engine\default\x64\debug\gameobjectmanager.obj
c:\users\administrator\desktop\johnson3d_210322월1450_백버퍼띄움\engine\default\x64\debug\inputmanager.obj
c:\users\administrator\desktop\johnson3d_210322월1450_백버퍼띄움\engine\default\x64\debug\renderer.obj
c:\users\administrator\desktop\johnson3d_210322월1450_백버퍼띄움\engine\default\x64\debug\rendermanager.obj
c:\users\administrator\desktop\johnson3d_210322월1450_백버퍼띄움\engine\default\x64\debug\scene.obj
c:\users\administrator\desktop\johnson3d_210322월1450_백버퍼띄움\engine\default\x64\debug\scenemanager.obj
c:\users\administrator\desktop\johnson3d_210322월1450_백버퍼띄움\engine\default\x64\debug\state.obj
c:\users\administrator\desktop\johnson3d_210322월1450_백버퍼띄움\engine\default\x64\debug\timemanager.obj
c:\users\administrator\desktop\johnson3d_210322월1450_백버퍼띄움\engine\default\x64\debug\vibuffer_renderer.obj
c:\users\administrator\desktop\johnson3d_210322월1450_백버퍼띄움\engine\bin\engine.lib
c:\users\administrator\desktop\johnson3d_210322월1450_백버퍼띄움\engine\bin\engine.exp
c:\users\administrator\desktop\johnson3d_210322월1450_백버퍼띄움\engine\bin\engine.ilk
c:\users\administrator\desktop\johnson3d_210322월1450_백버퍼띄움\engine\bin\engine.dll
c:\users\administrator\desktop\johnson3d_210322월1450_백버퍼띄움\engine\bin\engine.pdb
c:\users\administrator\desktop\johnson3d_210322월1450_백버퍼띄움\engine\default\../bin/engine.dll
c:\users\administrator\desktop\johnson3d_210322월1450_백버퍼띄움\engine\default\x64\debug\engine.tlog\cl.command.1.tlog
c:\users\administrator\desktop\johnson3d_210322월1450_백버퍼띄움\engine\default\x64\debug\engine.tlog\cl.read.1.tlog
c:\users\administrator\desktop\johnson3d_210322월1450_백버퍼띄움\engine\default\x64\debug\engine.tlog\cl.write.1.tlog
c:\users\administrator\desktop\johnson3d_210322월1450_백버퍼띄움\engine\default\x64\debug\engine.tlog\engine.write.1u.tlog
c:\users\administrator\desktop\johnson3d_210322월1450_백버퍼띄움\engine\default\x64\debug\engine.tlog\link.command.1.tlog
c:\users\administrator\desktop\johnson3d_210322월1450_백버퍼띄움\engine\default\x64\debug\engine.tlog\link.read.1.tlog
c:\users\administrator\desktop\johnson3d_210322월1450_백버퍼띄움\engine\default\x64\debug\engine.tlog\link.write.1.tlog
